Arguments: 
  /usr/local/bin/node /usr/share/yarn/bin/yarn.js add @babel/core @babel/preset-env @babel/preset/react webpack webpack-cli

PATH: 
  /usr/local/sbin:/usr/local/bin:/usr/sbin:/usr/bin:/sbin:/bin:/usr/games:/usr/local/games:/snap/bin

Yarn version: 
  1.22.4

Node version: 
  14.3.0

Platform: 
  linux x64

Trace: 
  Error: https://registry.yarnpkg.com/@babel%2fpreset/react: Request "https://registry.yarnpkg.com/@babel%2fpreset/react" returned a 405
      at Request.params.callback [as _callback] (/usr/share/yarn/lib/cli.js:66996:18)
      at Request.self.callback (/usr/share/yarn/lib/cli.js:140748:22)
      at Request.emit (events.js:315:20)
      at Request.<anonymous> (/usr/share/yarn/lib/cli.js:141720:10)
      at Request.emit (events.js:315:20)
      at IncomingMessage.<anonymous> (/usr/share/yarn/lib/cli.js:141642:12)
      at Object.onceWrapper (events.js:421:28)
      at IncomingMessage.emit (events.js:327:22)
      at endReadableNT (_stream_readable.js:1224:12)
      at processTicksAndRejections (internal/process/task_queues.js:84:21)

npm manifest: 
  {
    "name": "modulo04-react",
    "version": "1.0.0",
    "main": "index.js",
    "license": "MIT"
  }

yarn manifest: 
  No manifest

Lockfile: 
  No lockfile
